Determining if files alsa/asoundlib.h exist failed with the following output:
Change Dir: /home/andrey/BKIT/DZ/target/debug/build/fltk-sys-51765fdf7b183140/out/build/CMakeFiles/CMakeTmp

Run Build Command(s):/usr/bin/gmake -f Makefile cmTC_0fe0b/fast && /usr/bin/gmake  -f CMakeFiles/cmTC_0fe0b.dir/build.make CMakeFiles/cmTC_0fe0b.dir/build
gmake[1]: Entering directory '/home/andrey/BKIT/DZ/target/debug/build/fltk-sys-51765fdf7b183140/out/build/CMakeFiles/CMakeTmp'
Building C object CMakeFiles/cmTC_0fe0b.dir/HAVE_ALSA_ASOUNDLIB_H.c.o
/usr/bin/cc   -ffunction-sections -fdata-sections -fPIC -m64  -o CMakeFiles/cmTC_0fe0b.dir/HAVE_ALSA_ASOUNDLIB_H.c.o -c /home/andrey/BKIT/DZ/target/debug/build/fltk-sys-51765fdf7b183140/out/build/CMakeFiles/CheckIncludeFiles/HAVE_ALSA_ASOUNDLIB_H.c
/home/andrey/BKIT/DZ/target/debug/build/fltk-sys-51765fdf7b183140/out/build/CMakeFiles/CheckIncludeFiles/HAVE_ALSA_ASOUNDLIB_H.c:2:10: fatal error: alsa/asoundlib.h: No such file or directory
    2 | #include <alsa/asoundlib.h>
      |          ^~~~~~~~~~~~~~~~~~
compilation terminated.
gmake[1]: *** [CMakeFiles/cmTC_0fe0b.dir/build.make:78: CMakeFiles/cmTC_0fe0b.dir/HAVE_ALSA_ASOUNDLIB_H.c.o] Error 1
gmake[1]: Leaving directory '/home/andrey/BKIT/DZ/target/debug/build/fltk-sys-51765fdf7b183140/out/build/CMakeFiles/CMakeTmp'
gmake: *** [Makefile:127: cmTC_0fe0b/fast] Error 2


Source:
/* */
#include <alsa/asoundlib.h>


int main(void){return 0;}

Determining if files GL/glu.h exist failed with the following output:
Change Dir: /home/andrey/BKIT/DZ/target/debug/build/fltk-sys-51765fdf7b183140/out/build/CMakeFiles/CMakeTmp

Run Build Command(s):/usr/bin/gmake -f Makefile cmTC_311ff/fast && /usr/bin/gmake  -f CMakeFiles/cmTC_311ff.dir/build.make CMakeFiles/cmTC_311ff.dir/build
gmake[1]: Entering directory '/home/andrey/BKIT/DZ/target/debug/build/fltk-sys-51765fdf7b183140/out/build/CMakeFiles/CMakeTmp'
Building C object CMakeFiles/cmTC_311ff.dir/HAVE_GL_GLU_H.c.o
/usr/bin/cc   -ffunction-sections -fdata-sections -fPIC -m64  -o CMakeFiles/cmTC_311ff.dir/HAVE_GL_GLU_H.c.o -c /home/andrey/BKIT/DZ/target/debug/build/fltk-sys-51765fdf7b183140/out/build/CMakeFiles/CheckIncludeFiles/HAVE_GL_GLU_H.c
/home/andrey/BKIT/DZ/target/debug/build/fltk-sys-51765fdf7b183140/out/build/CMakeFiles/CheckIncludeFiles/HAVE_GL_GLU_H.c:2:10: fatal error: GL/glu.h: No such file or directory
    2 | #include <GL/glu.h>
      |          ^~~~~~~~~~
compilation terminated.
gmake[1]: *** [CMakeFiles/cmTC_311ff.dir/build.make:78: CMakeFiles/cmTC_311ff.dir/HAVE_GL_GLU_H.c.o] Error 1
gmake[1]: Leaving directory '/home/andrey/BKIT/DZ/target/debug/build/fltk-sys-51765fdf7b183140/out/build/CMakeFiles/CMakeTmp'
gmake: *** [Makefile:127: cmTC_311ff/fast] Error 2


Source:
/* */
#include <GL/glu.h>


int main(void){return 0;}

Determining if files OpenGL/glu.h exist failed with the following output:
Change Dir: /home/andrey/BKIT/DZ/target/debug/build/fltk-sys-51765fdf7b183140/out/build/CMakeFiles/CMakeTmp

Run Build Command(s):/usr/bin/gmake -f Makefile cmTC_d7df9/fast && /usr/bin/gmake  -f CMakeFiles/cmTC_d7df9.dir/build.make CMakeFiles/cmTC_d7df9.dir/build
gmake[1]: Entering directory '/home/andrey/BKIT/DZ/target/debug/build/fltk-sys-51765fdf7b183140/out/build/CMakeFiles/CMakeTmp'
Building C object CMakeFiles/cmTC_d7df9.dir/HAVE_OPENGL_GLU_H.c.o
/usr/bin/cc   -ffunction-sections -fdata-sections -fPIC -m64  -o CMakeFiles/cmTC_d7df9.dir/HAVE_OPENGL_GLU_H.c.o -c /home/andrey/BKIT/DZ/target/debug/build/fltk-sys-51765fdf7b183140/out/build/CMakeFiles/CheckIncludeFiles/HAVE_OPENGL_GLU_H.c
/home/andrey/BKIT/DZ/target/debug/build/fltk-sys-51765fdf7b183140/out/build/CMakeFiles/CheckIncludeFiles/HAVE_OPENGL_GLU_H.c:2:10: fatal error: OpenGL/glu.h: No such file or directory
    2 | #include <OpenGL/glu.h>
      |          ^~~~~~~~~~~~~~
compilation terminated.
gmake[1]: *** [CMakeFiles/cmTC_d7df9.dir/build.make:78: CMakeFiles/cmTC_d7df9.dir/HAVE_OPENGL_GLU_H.c.o] Error 1
gmake[1]: Leaving directory '/home/andrey/BKIT/DZ/target/debug/build/fltk-sys-51765fdf7b183140/out/build/CMakeFiles/CMakeTmp'
gmake: *** [Makefile:127: cmTC_d7df9/fast] Error 2


Source:
/* */
#include <OpenGL/glu.h>


int main(void){return 0;}

Determining if files sys/stdtypes.h exist failed with the following output:
Change Dir: /home/andrey/BKIT/DZ/target/debug/build/fltk-sys-51765fdf7b183140/out/build/CMakeFiles/CMakeTmp

Run Build Command(s):/usr/bin/gmake -f Makefile cmTC_8d712/fast && /usr/bin/gmake  -f CMakeFiles/cmTC_8d712.dir/build.make CMakeFiles/cmTC_8d712.dir/build
gmake[1]: Entering directory '/home/andrey/BKIT/DZ/target/debug/build/fltk-sys-51765fdf7b183140/out/build/CMakeFiles/CMakeTmp'
Building C object CMakeFiles/cmTC_8d712.dir/HAVE_SYS_STDTYPES_H.c.o
/usr/bin/cc   -ffunction-sections -fdata-sections -fPIC -m64  -o CMakeFiles/cmTC_8d712.dir/HAVE_SYS_STDTYPES_H.c.o -c /home/andrey/BKIT/DZ/target/debug/build/fltk-sys-51765fdf7b183140/out/build/CMakeFiles/CheckIncludeFiles/HAVE_SYS_STDTYPES_H.c
/home/andrey/BKIT/DZ/target/debug/build/fltk-sys-51765fdf7b183140/out/build/CMakeFiles/CheckIncludeFiles/HAVE_SYS_STDTYPES_H.c:2:10: fatal error: sys/stdtypes.h: No such file or directory
    2 | #include <sys/stdtypes.h>
      |          ^~~~~~~~~~~~~~~~
compilation terminated.
gmake[1]: *** [CMakeFiles/cmTC_8d712.dir/build.make:78: CMakeFiles/cmTC_8d712.dir/HAVE_SYS_STDTYPES_H.c.o] Error 1
gmake[1]: Leaving directory '/home/andrey/BKIT/DZ/target/debug/build/fltk-sys-51765fdf7b183140/out/build/CMakeFiles/CMakeTmp'
gmake: *** [Makefile:127: cmTC_8d712/fast] Error 2


Source:
/* */
#include <sys/stdtypes.h>


int main(void){return 0;}

Determining if the strlcat exist failed with the following output:
Change Dir: /home/andrey/BKIT/DZ/target/debug/build/fltk-sys-51765fdf7b183140/out/build/CMakeFiles/CMakeTmp

Run Build Command(s):/usr/bin/gmake -f Makefile cmTC_fed06/fast && /usr/bin/gmake  -f CMakeFiles/cmTC_fed06.dir/build.make CMakeFiles/cmTC_fed06.dir/build
gmake[1]: Entering directory '/home/andrey/BKIT/DZ/target/debug/build/fltk-sys-51765fdf7b183140/out/build/CMakeFiles/CMakeTmp'
Building C object CMakeFiles/cmTC_fed06.dir/CheckSymbolExists.c.o
/usr/bin/cc   -ffunction-sections -fdata-sections -fPIC -m64  -o CMakeFiles/cmTC_fed06.dir/CheckSymbolExists.c.o -c /home/andrey/BKIT/DZ/target/debug/build/fltk-sys-51765fdf7b183140/out/build/CMakeFiles/CMakeTmp/CheckSymbolExists.c
/home/andrey/BKIT/DZ/target/debug/build/fltk-sys-51765fdf7b183140/out/build/CMakeFiles/CMakeTmp/CheckSymbolExists.c: In function 'main':
/home/andrey/BKIT/DZ/target/debug/build/fltk-sys-51765fdf7b183140/out/build/CMakeFiles/CMakeTmp/CheckSymbolExists.c:8:19: error: 'strlcat' undeclared (first use in this function); did you mean 'strncat'?
    8 |   return ((int*)(&strlcat))[argc];
      |                   ^~~~~~~
      |                   strncat
/home/andrey/BKIT/DZ/target/debug/build/fltk-sys-51765fdf7b183140/out/build/CMakeFiles/CMakeTmp/CheckSymbolExists.c:8:19: note: each undeclared identifier is reported only once for each function it appears in
gmake[1]: *** [CMakeFiles/cmTC_fed06.dir/build.make:78: CMakeFiles/cmTC_fed06.dir/CheckSymbolExists.c.o] Error 1
gmake[1]: Leaving directory '/home/andrey/BKIT/DZ/target/debug/build/fltk-sys-51765fdf7b183140/out/build/CMakeFiles/CMakeTmp'
gmake: *** [Makefile:127: cmTC_fed06/fast] Error 2


File /home/andrey/BKIT/DZ/target/debug/build/fltk-sys-51765fdf7b183140/out/build/CMakeFiles/CMakeTmp/CheckSymbolExists.c:
/* */
#include <string.h>

int main(int argc, char** argv)
{
  (void)argv;
#ifndef strlcat
  return ((int*)(&strlcat))[argc];
#else
  (void)argc;
  return 0;
#endif
}
Determining if the strlcpy exist failed with the following output:
Change Dir: /home/andrey/BKIT/DZ/target/debug/build/fltk-sys-51765fdf7b183140/out/build/CMakeFiles/CMakeTmp

Run Build Command(s):/usr/bin/gmake -f Makefile cmTC_24c8e/fast && /usr/bin/gmake  -f CMakeFiles/cmTC_24c8e.dir/build.make CMakeFiles/cmTC_24c8e.dir/build
gmake[1]: Entering directory '/home/andrey/BKIT/DZ/target/debug/build/fltk-sys-51765fdf7b183140/out/build/CMakeFiles/CMakeTmp'
Building C object CMakeFiles/cmTC_24c8e.dir/CheckSymbolExists.c.o
/usr/bin/cc   -ffunction-sections -fdata-sections -fPIC -m64  -o CMakeFiles/cmTC_24c8e.dir/CheckSymbolExists.c.o -c /home/andrey/BKIT/DZ/target/debug/build/fltk-sys-51765fdf7b183140/out/build/CMakeFiles/CMakeTmp/CheckSymbolExists.c
/home/andrey/BKIT/DZ/target/debug/build/fltk-sys-51765fdf7b183140/out/build/CMakeFiles/CMakeTmp/CheckSymbolExists.c: In function 'main':
/home/andrey/BKIT/DZ/target/debug/build/fltk-sys-51765fdf7b183140/out/build/CMakeFiles/CMakeTmp/CheckSymbolExists.c:8:19: error: 'strlcpy' undeclared (first use in this function); did you mean 'strncpy'?
    8 |   return ((int*)(&strlcpy))[argc];
      |                   ^~~~~~~
      |                   strncpy
/home/andrey/BKIT/DZ/target/debug/build/fltk-sys-51765fdf7b183140/out/build/CMakeFiles/CMakeTmp/CheckSymbolExists.c:8:19: note: each undeclared identifier is reported only once for each function it appears in
gmake[1]: *** [CMakeFiles/cmTC_24c8e.dir/build.make:78: CMakeFiles/cmTC_24c8e.dir/CheckSymbolExists.c.o] Error 1
gmake[1]: Leaving directory '/home/andrey/BKIT/DZ/target/debug/build/fltk-sys-51765fdf7b183140/out/build/CMakeFiles/CMakeTmp'
gmake: *** [Makefile:127: cmTC_24c8e/fast] Error 2


File /home/andrey/BKIT/DZ/target/debug/build/fltk-sys-51765fdf7b183140/out/build/CMakeFiles/CMakeTmp/CheckSymbolExists.c:
/* */
#include <string.h>

int main(int argc, char** argv)
{
  (void)argv;
#ifndef strlcpy
  return ((int*)(&strlcpy))[argc];
#else
  (void)argc;
  return 0;
#endif
}
